<?xml version="1.0" encoding="UTF-8"?>
<testng-results ignored="0" total="2" passed="1" failed="1" skipped="0">
  <reporter-output>
  </reporter-output>
  <suite started-at="2023-12-29T21:36:22 IST" name="Default suite" finished-at="2023-12-29T21:37:15 IST" duration-ms="53343">
    <groups>
    </groups>
    <test started-at="2023-12-29T21:36:22 IST" name="Default test" finished-at="2023-12-29T21:37:15 IST" duration-ms="53343">
      <class name="com.test.demonblaze.TestHomeDemonBlaze">
        <test-method is-config="true" signature="setup()[pri:0, instance:com.test.demonblaze.TestHomeDemonBlaze@79e4c792]" started-at="2023-12-29T21:36:22 IST" name="setup" finished-at="2023-12-29T21:36:22 IST" duration-ms="207" status="PASS">
          <reporter-output>
          </reporter-output>
        </test-method> <!-- setup -->
        <test-method is-config="true" signature="onTest()[pri:0, instance:com.test.demonblaze.TestHomeDemonBlaze@79e4c792]" started-at="2023-12-29T21:36:22 IST" name="onTest" finished-at="2023-12-29T21:36:36 IST" duration-ms="13792" status="PASS">
          <reporter-output>
          </reporter-output>
        </test-method> <!-- onTest -->
        <test-method signature="test_001_navigate_to_contact()[pri:0, instance:com.test.demonblaze.TestHomeDemonBlaze@79e4c792]" started-at="2023-12-29T21:36:36 IST" name="test_001_navigate_to_contact" finished-at="2023-12-29T21:36:46 IST" duration-ms="10124" status="FAIL">
          <exception class="java.lang.AssertionError">
            <message>
              <![CDATA[expected:<New message> but was:<New1 message>]]>
            </message>
            <full-stacktrace>
              <![CDATA[java.lang.AssertionError: expected:<New message> but was:<New1 message>
at org.testng.AssertJUnit.assertEquals(AssertJUnit.java:115)
at org.testng.AssertJUnit.assertEquals(AssertJUnit.java:125)
at com.test.demonblaze.TestHomeDemonBlaze.test_001_navigate_to_contact(TestHomeDemonBlaze.java:41)
at java.base/jdk.internal.reflect.NativeMethodAccessorImpl.invoke0(Native Method)
at java.base/jdk.internal.reflect.NativeMethodAccessorImpl.invoke(NativeMethodAccessorImpl.java:77)
at java.base/jdk.internal.reflect.DelegatingMethodAccessorImpl.invoke(DelegatingMethodAccessorImpl.java:43)
at java.base/java.lang.reflect.Method.invoke(Method.java:568)
at org.testng.internal.invokers.MethodInvocationHelper.invokeMethod(MethodInvocationHelper.java:139)
at org.testng.internal.invokers.TestInvoker.invokeMethod(TestInvoker.java:664)
at org.testng.internal.invokers.TestInvoker.invokeTestMethod(TestInvoker.java:227)
at org.testng.internal.invokers.MethodRunner.runInSequence(MethodRunner.java:50)
at org.testng.internal.invokers.TestInvoker$MethodInvocationAgent.invoke(TestInvoker.java:957)
at org.testng.internal.invokers.TestInvoker.invokeTestMethods(TestInvoker.java:200)
at org.testng.internal.invokers.TestMethodWorker.invokeTestMethods(TestMethodWorker.java:148)
at org.testng.internal.invokers.TestMethodWorker.run(TestMethodWorker.java:128)
at java.base/java.util.ArrayList.forEach(ArrayList.java:1511)
at org.testng.TestRunner.privateRun(TestRunner.java:848)
at org.testng.TestRunner.run(TestRunner.java:621)
at org.testng.SuiteRunner.runTest(SuiteRunner.java:443)
at org.testng.SuiteRunner.runSequentially(SuiteRunner.java:437)
at org.testng.SuiteRunner.privateRun(SuiteRunner.java:397)
at org.testng.SuiteRunner.run(SuiteRunner.java:336)
at org.testng.SuiteRunnerWorker.runSuite(SuiteRunnerWorker.java:52)
at org.testng.SuiteRunnerWorker.run(SuiteRunnerWorker.java:95)
at org.testng.TestNG.runSuitesSequentially(TestNG.java:1280)
at org.testng.TestNG.runSuitesLocally(TestNG.java:1200)
at org.testng.TestNG.runSuites(TestNG.java:1114)
at org.testng.TestNG.run(TestNG.java:1082)
at org.testng.remote.AbstractRemoteTestNG.run(AbstractRemoteTestNG.java:115)
at org.testng.remote.RemoteTestNG.initAndRun(RemoteTestNG.java:251)
at org.testng.remote.RemoteTestNG.main(RemoteTestNG.java:77)
]]>
            </full-stacktrace>
          </exception> <!-- java.lang.AssertionError -->
          <reporter-output>
          </reporter-output>
        </test-method> <!-- test_001_navigate_to_contact -->
        <test-method is-config="true" signature="ExitChrome()[pri:0, instance:com.test.demonblaze.TestHomeDemonBlaze@79e4c792]" started-at="2023-12-29T21:36:46 IST" name="ExitChrome" finished-at="2023-12-29T21:36:46 IST" duration-ms="391" status="PASS">
          <reporter-output>
          </reporter-output>
        </test-method> <!-- ExitChrome -->
        <test-method is-config="true" signature="onTest()[pri:0, instance:com.test.demonblaze.TestHomeDemonBlaze@79e4c792]" started-at="2023-12-29T21:36:46 IST" name="onTest" finished-at="2023-12-29T21:36:59 IST" duration-ms="12694" status="PASS">
          <reporter-output>
          </reporter-output>
        </test-method> <!-- onTest -->
        <test-method signature="test_002_navigate_to_AboutUs()[pri:0, instance:com.test.demonblaze.TestHomeDemonBlaze@79e4c792]" started-at="2023-12-29T21:36:59 IST" name="test_002_navigate_to_AboutUs" finished-at="2023-12-29T21:37:14 IST" duration-ms="15145" status="PASS">
          <reporter-output>
          </reporter-output>
        </test-method> <!-- test_002_navigate_to_AboutUs -->
        <test-method is-config="true" signature="ExitChrome()[pri:0, instance:com.test.demonblaze.TestHomeDemonBlaze@79e4c792]" started-at="2023-12-29T21:37:14 IST" name="ExitChrome" finished-at="2023-12-29T21:37:15 IST" duration-ms="605" status="PASS">
          <reporter-output>
          </reporter-output>
        </test-method> <!-- ExitChrome -->
        <test-method is-config="true" signature="endTest()[pri:0, instance:com.test.demonblaze.TestHomeDemonBlaze@79e4c792]" started-at="2023-12-29T21:37:15 IST" name="endTest" finished-at="2023-12-29T21:37:15 IST" duration-ms="329" status="PASS">
          <reporter-output>
          </reporter-output>
        </test-method> <!-- endTest -->
      </class> <!-- com.test.demonblaze.TestHomeDemonBlaze -->
    </test> <!-- Default test -->
  </suite> <!-- Default suite -->
</testng-results>
